jq: error: Could not open file ../../path_config.json: No such file or directory
jq: error: Could not open file ../../path_config.json: No such file or directory
jq: error: Could not open file ../../path_config.json: No such file or directory
jq: error: Could not open file ../../path_config.json: No such file or directory
jq: error: Could not open file ../../path_config.json: No such file or directory
jq: error: Could not open file ../../path_config.json: No such file or directory
/var/spool/slurmd/job59499078/slurm_script: line 47: source: filename argument required
source: usage: source filename [arguments]

CommandNotFoundError: Your shell has not been properly configured to use 'conda activate'.
To initialize your shell, run

    $ conda init <SHELL_NAME>

Currently supported shells are:
  - bash
  - fish
  - tcsh
  - xonsh
  - zsh
  - powershell

See 'conda init --help' for more information and options.

IMPORTANT: You may need to close and restart your shell after running 'conda init'.


FATAL:   While checking container encryption: could not open image /bids: failed to retrieve path for /bids: lstat /bids: no such file or directory
